<?xml version="1.0" encoding="UTF-8"?>
<testng-results ignored="0" total="1" passed="1" failed="0" skipped="0">
  <reporter-output>
  </reporter-output>
  <suite started-at="2023-01-23T17:58:44 IST" name="Default suite" finished-at="2023-01-23T17:58:44 IST" duration-ms="89">
    <groups>
      <group name="smoke">
        <method signature="Anu.m3()[pri:0, instance:Sample.Anu@2fd1433e]" name="m3" class="Sample.Anu"/>
      </group> <!-- smoke -->
    </groups>
    <test started-at="2023-01-23T17:58:44 IST" name="Default test" finished-at="2023-01-23T17:58:44 IST" duration-ms="89">
      <class name="Sample.Anu">
        <test-method signature="m3()[pri:0, instance:Sample.Anu@2fd1433e]" started-at="2023-01-23T17:58:44 IST" name="m3" finished-at="2023-01-23T17:58:44 IST" duration-ms="10" status="PASS">
          <reporter-output>
          </reporter-output>
        </test-method> <!-- m3 -->
      </class> <!-- Sample.Anu -->
    </test> <!-- Default test -->
  </suite> <!-- Default suite -->
</testng-results>
